<?xml version="1.0" encoding="UTF-8" ?>
<testsuite tests="5" failures="2" name="Miage2016.activite3.GrilleTest" time="0.01" errors="0" skipped="0">
  <properties>
[...]
</properties>
  <testcase classname="Miage2016.activite3.GrilleTest" name="Miage2016.activite3.GrilleTest.testGetValue" time="0.01"/>
  <testcase classname="Miage2016.activite3.GrilleTest" name="Miage2016.activite3.GrilleTest.testSetValue" time="0"/>
  <testcase classname="Miage2016.activite3.GrilleTest" name="Miage2016.activite3.GrilleTest.testGetDimension" time="0"/>
  <testcase classname="Miage2016.activite3.GrilleTest" name="Miage2016.activite3.GrilleTest.testComplete" time="0">
    <failure message="org/junit/Assert" type="java.lang.NoClassDefFoundError">java.lang.NoClassDefFoundError: org/junit/Assert
	at Miage2016.activite3.GrilleTest.testComplete(GrilleTest.java:70)
Caused by: java.lang.ClassNotFoundException: org.junit.Assert
	at java.net.URLClassLoader$1.run(URLClassLoader.java:372)
	at java.net.URLClassLoader$1.run(URLClassLoader.java:361)
	at java.security.AccessController.doPrivileged(Native Method)
	at java.net.URLClassLoader.findClass(URLClassLoader.java:360)
	at java.lang.ClassLoader.loadClass(ClassLoader.java:424)
	at sun.misc.Launcher$AppClassLoader.loadClass(Launcher.java:308)
	at java.lang.ClassLoader.loadClass(ClassLoader.java:357)
	... 19 more
</failure>
  </testcase>
  <testcase classname="Miage2016.activite3.GrilleTest" name="Miage2016.activite3.GrilleTest.testPossible" time="0">
    <failure message="org/junit/Assert" type="java.lang.NoClassDefFoundError">java.lang.NoClassDefFoundError: org/junit/Assert
	at Miage2016.activite3.GrilleTest.testPossible(GrilleTest.java:79)
</failure>
  </testcase>
</testsuite>